TN:
SF:assets\images\arrow-right.png
FNF:0
FNH:0
DA:1,1
LF:1
LH:1
BRF:0
BRH:0
end_of_record
TN:
SF:assets\images\avatar.png
FNF:0
FNH:0
DA:1,2
LF:1
LH:1
BRF:0
BRH:0
end_of_record
TN:
SF:assets\images\burger.png
FNF:0
FNH:0
DA:1,1
LF:1
LH:1
BRF:0
BRH:0
end_of_record
TN:
SF:assets\images\favicon.png
FNF:0
FNH:0
DA:1,1
LF:1
LH:1
BRF:0
BRH:0
end_of_record
TN:
SF:assets\images\home.png
FNF:0
FNH:0
DA:1,1
LF:1
LH:1
BRF:0
BRH:0
end_of_record
TN:
SF:assets\images\stats.png
FNF:0
FNH:0
DA:1,1
LF:1
LH:1
BRF:0
BRH:0
end_of_record
TN:
SF:assets\images\switch-reverse.png
FNF:0
FNH:0
DA:1,1
LF:1
LH:1
BRF:0
BRH:0
end_of_record
TN:
SF:assets\images\switch.png
FNF:0
FNH:0
DA:1,1
LF:1
LH:1
BRF:0
BRH:0
end_of_record
TN:
SF:assets\images\timer.png
FNF:0
FNH:0
DA:1,1
LF:1
LH:1
BRF:0
BRH:0
end_of_record
TN:
SF:assets\images\work-in-progress.png
FNF:0
FNH:0
DA:1,1
LF:1
LH:1
BRF:0
BRH:0
end_of_record
TN:
SF:components\icons\Arrow.tsx
FN:7,Arrow
FNF:1
FNH:1
FNDA:14,Arrow
DA:8,14
LF:1
LH:1
BRDA:13,0,0,6
BRDA:13,0,1,8
BRF:2
BRH:2
end_of_record
TN:
SF:components\icons\Avatar.tsx
FN:3,Avatar
FNF:1
FNH:1
FNDA:7,Avatar
DA:4,7
LF:1
LH:1
BRF:0
BRH:0
end_of_record
TN:
SF:components\icons\Burger.tsx
FN:3,Burger
FNF:1
FNH:1
FNDA:6,Burger
DA:4,6
LF:1
LH:1
BRF:0
BRH:0
end_of_record
TN:
SF:components\icons\Home.tsx
FN:3,Home
FNF:1
FNH:1
FNDA:19,Home
DA:4,19
LF:1
LH:1
BRF:0
BRH:0
end_of_record
TN:
SF:components\icons\Statistics.tsx
FN:3,Statistics
FNF:1
FNH:1
FNDA:8,Statistics
DA:4,8
LF:1
LH:1
BRF:0
BRH:0
end_of_record
TN:
SF:components\icons\Switch.tsx
FN:7,Switch
FNF:1
FNH:1
FNDA:10,Switch
DA:8,10
LF:1
LH:1
BRDA:11,0,0,7
BRDA:11,0,1,3
BRF:2
BRH:2
end_of_record
TN:
SF:components\icons\Timer.tsx
FN:3,Timer
FNF:1
FNH:1
FNDA:8,Timer
DA:4,8
LF:1
LH:1
BRF:0
BRH:0
end_of_record
TN:
SF:components\icons\WorkInProgress.tsx
FN:3,WorkInProgress
FNF:1
FNH:1
FNDA:6,WorkInProgress
DA:4,6
LF:1
LH:1
BRF:0
BRH:0
end_of_record
TN:
SF:components\shared\ThemedButton.tsx
FN:12,ThemedButton
FN:24,(anonymous_1)
FN:25,(anonymous_2)
FNF:3
FNH:3
FNDA:23,ThemedButton
FNDA:4,(anonymous_1)
FNDA:1,(anonymous_2)
DA:18,23
DA:19,23
DA:21,23
DA:24,4
DA:25,1
LF:5
LH:5
BRDA:14,0,0,22
BRDA:31,1,0,19
BRDA:31,1,1,4
BRDA:46,2,0,19
BRDA:46,2,1,4
BRF:5
BRH:5
end_of_record
TN:
SF:components\shared\ThemedImage.tsx
FN:16,ThemedImage
FNF:1
FNH:1
FNDA:24,ThemedImage
DA:27,24
DA:30,24
DA:38,24
DA:39,0
DA:50,24
DA:51,0
DA:56,24
LF:7
LH:5
BRDA:18,0,0,0
BRDA:38,1,0,0
BRDA:38,1,1,24
BRDA:50,2,0,0
BRDA:50,2,1,24
BRF:5
BRH:2
end_of_record
TN:
SF:components\shared\ThemedText.tsx
FN:9,ThemedText
FNF:1
FNH:1
FNDA:23,ThemedText
DA:15,23
DA:17,23
DA:26,23
DA:28,2
DA:29,2
DA:30,2
DA:32,1
DA:33,1
DA:34,1
DA:36,2
DA:37,2
DA:39,2
DA:40,2
DA:41,2
DA:44,23
LF:15
LH:15
BRDA:11,0,0,15
BRDA:12,1,0,18
BRDA:22,2,0,3
BRDA:22,2,1,20
BRDA:23,3,0,18
BRDA:23,3,1,2
BRDA:26,4,0,2
BRDA:26,4,1,1
BRDA:26,4,2,2
BRDA:26,4,3,2
BRF:10
BRH:10
end_of_record
TN:
SF:hooks\useStyles.ts
FN:8,(anonymous_0)
FN:19,(anonymous_1)
FNF:2
FNH:2
FNDA:21,(anonymous_0)
FNDA:21,(anonymous_1)
DA:8,1
DA:11,21
DA:14,21
DA:15,21
DA:19,21
DA:20,21
DA:23,21
LF:7
LH:7
BRDA:12,0,0,21
BRDA:12,0,1,1
BRDA:14,1,0,13
BRDA:14,1,1,8
BRDA:15,2,0,5
BRDA:15,2,1,16
BRF:6
BRH:6
end_of_record
TN:
SF:styles\dark.theme.ts
FNF:0
FNH:0
DA:3,1
LF:1
LH:1
BRF:0
BRH:0
end_of_record
TN:
SF:styles\light.theme.ts
FNF:0
FNH:0
DA:3,1
LF:1
LH:1
BRF:0
BRH:0
end_of_record
TN:
SF:utils\logger.ts
FN:19,(anonymous_0)
FN:25,(anonymous_1)
FN:47,(anonymous_2)
FN:56,(anonymous_3)
FN:65,(anonymous_4)
FN:73,(anonymous_5)
FN:84,(anonymous_6)
FN:93,(anonymous_7)
FN:102,(anonymous_8)
FN:111,(anonymous_9)
FN:123,(anonymous_10)
FN:132,(anonymous_11)
FN:140,(anonymous_12)
FN:151,(anonymous_13)
FN:159,(anonymous_14)
FN:167,(anonymous_15)
FN:179,(anonymous_16)
FN:188,(anonymous_17)
FN:197,(anonymous_18)
FN:208,(anonymous_19)
FN:212,(anonymous_20)
FN:216,(anonymous_21)
FN:220,(anonymous_22)
FNF:23
FNH:23
FNDA:24,(anonymous_0)
FNDA:24,(anonymous_1)
FNDA:2,(anonymous_2)
FNDA:1,(anonymous_3)
FNDA:1,(anonymous_4)
FNDA:1,(anonymous_5)
FNDA:1,(anonymous_6)
FNDA:1,(anonymous_7)
FNDA:1,(anonymous_8)
FNDA:1,(anonymous_9)
FNDA:1,(anonymous_10)
FNDA:1,(anonymous_11)
FNDA:1,(anonymous_12)
FNDA:1,(anonymous_13)
FNDA:1,(anonymous_14)
FNDA:1,(anonymous_15)
FNDA:1,(anonymous_16)
FNDA:2,(anonymous_17)
FNDA:1,(anonymous_18)
FNDA:2,(anonymous_19)
FNDA:1,(anonymous_20)
FNDA:1,(anonymous_21)
FNDA:1,(anonymous_22)
DA:17,1
DA:20,24
DA:21,24
DA:22,24
DA:26,24
DA:28,24
DA:30,24
DA:32,3
DA:33,3
DA:35,1
DA:36,1
DA:38,6
DA:39,6
DA:41,14
DA:46,1
DA:48,2
DA:57,1
DA:66,1
DA:74,1
DA:83,1
DA:85,1
DA:94,1
DA:103,1
DA:112,1
DA:122,1
DA:124,1
DA:133,1
DA:141,1
DA:150,1
DA:152,1
DA:160,1
DA:168,1
DA:178,1
DA:180,1
DA:189,2
DA:198,1
DA:208,1
DA:209,2
DA:212,1
DA:213,1
DA:216,1
DA:217,1
DA:220,1
DA:221,1
DA:225,1
LF:45
LH:45
BRDA:20,0,0,24
BRDA:20,0,1,24
BRDA:21,1,0,12
BRDA:21,1,1,12
BRDA:26,2,0,0
BRDA:26,2,1,24
BRDA:30,3,0,3
BRDA:30,3,1,1
BRDA:30,3,2,6
BRDA:30,3,3,14
BRDA:144,4,0,1
BRDA:144,4,1,0
BRDA:190,5,0,1
BRDA:190,5,1,1
BRDA:202,6,0,1
BRDA:202,6,1,0
BRF:16
BRH:13
end_of_record
