TN:
SF:figma-mcp-server.ts
FN:22,(anonymous_0)
FN:39,(anonymous_1)
FN:40,(anonymous_2)
FN:107,(anonymous_3)
FN:145,(anonymous_4)
FN:159,(anonymous_5)
FN:169,(anonymous_6)
FN:180,(anonymous_7)
FN:194,(anonymous_8)
FN:208,(anonymous_9)
FN:223,(anonymous_10)
FN:226,(anonymous_11)
FN:246,(anonymous_12)
FN:269,(anonymous_13)
FN:282,(anonymous_14)
FN:290,(anonymous_15)
FN:292,(anonymous_16)
FN:317,(anonymous_17)
FN:322,(anonymous_18)
FN:338,(anonymous_19)
FN:368,(anonymous_20)
FN:369,(anonymous_21)
FN:383,(anonymous_22)
FNF:23
FNH:0
FNDA:0,(anonymous_0)
FNDA:0,(anonymous_1)
FNDA:0,(anonymous_2)
FNDA:0,(anonymous_3)
FNDA:0,(anonymous_4)
FNDA:0,(anonymous_5)
FNDA:0,(anonymous_6)
FNDA:0,(anonymous_7)
FNDA:0,(anonymous_8)
FNDA:0,(anonymous_9)
FNDA:0,(anonymous_10)
FNDA:0,(anonymous_11)
FNDA:0,(anonymous_12)
FNDA:0,(anonymous_13)
FNDA:0,(anonymous_14)
FNDA:0,(anonymous_15)
FNDA:0,(anonymous_16)
FNDA:0,(anonymous_17)
FNDA:0,(anonymous_18)
FNDA:0,(anonymous_19)
FNDA:0,(anonymous_20)
FNDA:0,(anonymous_21)
FNDA:0,(anonymous_22)
DA:16,0
DA:23,0
DA:35,0
DA:36,0
DA:40,0
DA:41,0
DA:107,0
DA:108,0
DA:109,0
DA:112,0
DA:113,0
DA:115,0
DA:118,0
DA:124,0
DA:127,0
DA:130,0
DA:133,0
DA:146,0
DA:152,0
DA:153,0
DA:156,0
DA:160,0
DA:162,0
DA:169,0
DA:181,0
DA:182,0
DA:184,0
DA:195,0
DA:196,0
DA:198,0
DA:209,0
DA:210,0
DA:211,0
DA:213,0
DA:224,0
DA:226,0
DA:227,0
DA:228,0
DA:237,0
DA:238,0
DA:242,0
DA:243,0
DA:247,0
DA:249,0
DA:250,0
DA:251,0
DA:252,0
DA:256,0
DA:257,0
DA:258,0
DA:259,0
DA:260,0
DA:264,0
DA:265,0
DA:268,0
DA:269,0
DA:270,0
DA:271,0
DA:279,0
DA:283,0
DA:290,0
DA:291,0
DA:292,0
DA:293,0
DA:294,0
DA:299,0
DA:300,0
DA:303,0
DA:304,0
DA:308,0
DA:310,0
DA:318,0
DA:319,0
DA:322,0
DA:331,0
DA:339,0
DA:341,0
DA:342,0
DA:344,0
DA:349,0
DA:356,0
DA:357,0
DA:358,0
DA:359,0
DA:360,0
DA:361,0
DA:365,0
DA:369,0
DA:370,0
DA:371,0
DA:374,0
DA:376,0
DA:377,0
DA:380,0
DA:384,0
DA:385,0
DA:390,0
DA:391,0
LF:98
LH:0
BRDA:108,0,0,0
BRDA:108,0,1,0
BRDA:113,1,0,0
BRDA:113,1,1,0
BRDA:113,1,2,0
BRDA:113,1,3,0
BRDA:113,1,4,0
BRDA:137,2,0,0
BRDA:137,2,1,0
BRDA:152,3,0,0
BRDA:152,3,1,0
BRDA:172,4,0,0
BRDA:172,4,1,0
BRDA:182,5,0,0
BRDA:182,5,1,0
BRDA:227,6,0,0
BRDA:227,6,1,0
BRDA:227,7,0,0
BRDA:227,7,1,0
BRDA:237,8,0,0
BRDA:237,8,1,0
BRDA:249,9,0,0
BRDA:249,9,1,0
BRDA:249,10,0,0
BRDA:249,10,1,0
BRDA:251,11,0,0
BRDA:251,11,1,0
BRDA:256,12,0,0
BRDA:256,12,1,0
BRDA:256,13,0,0
BRDA:256,13,1,0
BRDA:258,14,0,0
BRDA:258,14,1,0
BRDA:260,15,0,0
BRDA:260,15,1,0
BRDA:264,16,0,0
BRDA:264,16,1,0
BRDA:268,17,0,0
BRDA:268,17,1,0
BRDA:268,18,0,0
BRDA:268,18,1,0
BRDA:270,19,0,0
BRDA:270,19,1,0
BRDA:291,20,0,0
BRDA:291,20,1,0
BRDA:293,21,0,0
BRDA:293,21,1,0
BRDA:299,22,0,0
BRDA:299,22,1,0
BRDA:303,23,0,0
BRDA:303,23,1,0
BRDA:318,24,0,0
BRDA:318,24,1,0
BRDA:341,25,0,0
BRDA:341,25,1,0
BRDA:345,26,0,0
BRDA:345,26,1,0
BRDA:346,27,0,0
BRDA:346,27,1,0
BRDA:350,28,0,0
BRDA:350,28,1,0
BRDA:351,29,0,0
BRDA:351,29,1,0
BRDA:352,30,0,0
BRDA:352,30,1,0
BRDA:353,31,0,0
BRDA:353,31,1,0
BRDA:356,32,0,0
BRDA:356,32,1,0
BRDA:371,33,0,0
BRDA:371,33,1,0
BRDA:376,34,0,0
BRDA:376,34,1,0
BRDA:376,35,0,0
BRDA:376,35,1,0
BRF:75
BRH:0
end_of_record
TN:
SF:app\_layout.tsx
FN:6,Layout
FNF:1
FNH:0
FNDA:0,Layout
DA:7,0
LF:1
LH:0
BRF:0
BRH:0
end_of_record
TN:
SF:app\index.tsx
FN:9,Landing
FN:13,(anonymous_1)
FNF:2
FNH:0
FNDA:0,Landing
FNDA:0,(anonymous_1)
DA:10,0
DA:11,0
DA:13,0
DA:14,0
DA:15,0
DA:16,0
DA:20,0
DA:22,0
LF:8
LH:0
BRDA:20,0,0,0
BRDA:20,0,1,0
BRF:2
BRH:0
end_of_record
TN:
SF:app\(auth)\_layout.tsx
FN:4,AuthLayout
FNF:1
FNH:0
FNDA:0,AuthLayout
DA:5,0
LF:1
LH:0
BRF:0
BRH:0
end_of_record
TN:
SF:app\(auth)\login.tsx
FN:8,Login
FN:11,(anonymous_1)
FNF:2
FNH:0
FNDA:0,Login
FNDA:0,(anonymous_1)
DA:9,0
DA:11,0
DA:12,0
DA:13,0
DA:14,0
DA:15,0
DA:18,0
LF:7
LH:0
BRF:0
BRH:0
end_of_record
TN:
SF:app\(auth)\logout.tsx
FN:8,Logout
FN:11,(anonymous_1)
FNF:2
FNH:0
FNDA:0,Logout
FNDA:0,(anonymous_1)
DA:9,0
DA:11,0
DA:12,0
DA:13,0
DA:16,0
LF:5
LH:0
BRF:0
BRH:0
end_of_record
TN:
SF:app\(tabs)\_layout.tsx
FN:11,TabLayout
FN:16,(anonymous_1)
FN:25,(anonymous_2)
FN:38,(anonymous_3)
FN:44,(anonymous_4)
FN:50,(anonymous_5)
FN:56,(anonymous_6)
FN:62,(anonymous_7)
FN:68,(anonymous_8)
FNF:9
FNH:0
FNDA:0,TabLayout
FNDA:0,(anonymous_1)
FNDA:0,(anonymous_2)
FNDA:0,(anonymous_3)
FNDA:0,(anonymous_4)
FNDA:0,(anonymous_5)
FNDA:0,(anonymous_6)
FNDA:0,(anonymous_7)
FNDA:0,(anonymous_8)
DA:12,0
DA:13,0
DA:14,0
DA:16,0
DA:17,0
DA:19,0
DA:22,0
DA:26,0
DA:39,0
DA:40,0
DA:44,0
DA:51,0
DA:52,0
DA:56,0
DA:63,0
DA:64,0
DA:68,0
LF:17
LH:0
BRDA:17,0,0,0
BRDA:17,0,1,0
BRF:2
BRH:0
end_of_record
TN:
SF:app\(tabs)\dashboard.tsx
FN:10,Dashboard
FN:14,(anonymous_1)
FN:17,(anonymous_2)
FN:22,(anonymous_3)
FNF:4
FNH:0
FNDA:0,Dashboard
FNDA:0,(anonymous_1)
FNDA:0,(anonymous_2)
FNDA:0,(anonymous_3)
DA:11,0
DA:12,0
DA:14,0
DA:15,0
DA:17,0
DA:18,0
DA:22,0
DA:23,0
DA:26,0
LF:9
LH:0
BRDA:12,0,0,0
BRDA:12,0,1,0
BRDA:28,1,0,0
BRDA:28,1,1,0
BRF:4
BRH:0
end_of_record
TN:
SF:app\(tabs)\statistics.tsx
FN:7,Statistics
FNF:1
FNH:0
FNDA:0,Statistics
DA:8,0
DA:10,0
LF:2
LH:0
BRF:0
BRH:0
end_of_record
TN:
SF:app\(tabs)\timer.tsx
FN:7,Timer
FNF:1
FNH:0
FNDA:0,Timer
DA:8,0
DA:10,0
LF:2
LH:0
BRF:0
BRH:0
end_of_record
TN:
SF:components\dashboard\day-view\index.tsx
FN:7,DayView
FNF:1
FNH:0
FNDA:0,DayView
DA:8,0
DA:10,0
LF:2
LH:0
BRF:0
BRH:0
end_of_record
TN:
SF:components\dashboard\day-view\stylesheet.ts
FN:10,(anonymous_0)
FNF:1
FNH:0
FNDA:0,(anonymous_0)
DA:10,0
DA:11,0
LF:2
LH:0
BRF:0
BRH:0
end_of_record
TN:
SF:components\dashboard\month-view\index.tsx
FN:7,MonthView
FNF:1
FNH:0
FNDA:0,MonthView
DA:8,0
DA:10,0
LF:2
LH:0
BRF:0
BRH:0
end_of_record
TN:
SF:components\dashboard\month-view\stylesheet.ts
FN:10,(anonymous_0)
FNF:1
FNH:0
FNDA:0,(anonymous_0)
DA:10,0
DA:11,0
LF:2
LH:0
BRF:0
BRH:0
end_of_record
TN:
SF:components\headers\tabs-header\index.tsx
FN:18,TabsHeader
FN:25,(anonymous_1)
FN:30,(anonymous_2)
FN:41,(anonymous_3)
FN:51,(anonymous_4)
FN:55,(anonymous_5)
FNF:6
FNH:0
FNDA:0,TabsHeader
FNDA:0,(anonymous_1)
FNDA:0,(anonymous_2)
FNDA:0,(anonymous_3)
FNDA:0,(anonymous_4)
FNDA:0,(anonymous_5)
DA:23,0
DA:25,0
DA:26,0
DA:27,0
DA:28,0
DA:30,0
DA:31,0
DA:32,0
DA:33,0
DA:36,0
DA:41,0
DA:51,0
DA:55,0
LF:13
LH:0
BRDA:31,0,0,0
BRDA:31,0,1,0
BRDA:65,1,0,0
BRDA:65,1,1,0
BRDA:73,2,0,0
BRDA:73,2,1,0
BRF:6
BRH:0
end_of_record
TN:
SF:components\headers\tabs-header\stylesheet.ts
FN:12,(anonymous_0)
FNF:1
FNH:0
FNDA:0,(anonymous_0)
DA:12,0
DA:13,0
LF:2
LH:0
BRF:0
BRH:0
end_of_record
TN:
SF:components\icons\Arrow.tsx
FN:7,Arrow
FNF:1
FNH:1
FNDA:14,Arrow
DA:8,14
LF:1
LH:1
BRDA:13,0,0,6
BRDA:13,0,1,8
BRF:2
BRH:2
end_of_record
TN:
SF:components\icons\Avatar.tsx
FN:3,Avatar
FNF:1
FNH:1
FNDA:7,Avatar
DA:4,7
LF:1
LH:1
BRF:0
BRH:0
end_of_record
TN:
SF:components\icons\Burger.tsx
FN:3,Burger
FNF:1
FNH:1
FNDA:6,Burger
DA:4,6
LF:1
LH:1
BRF:0
BRH:0
end_of_record
TN:
SF:components\icons\Home.tsx
FN:3,Home
FNF:1
FNH:1
FNDA:19,Home
DA:4,19
LF:1
LH:1
BRF:0
BRH:0
end_of_record
TN:
SF:components\icons\Statistics.tsx
FN:3,Statistics
FNF:1
FNH:1
FNDA:8,Statistics
DA:4,8
LF:1
LH:1
BRF:0
BRH:0
end_of_record
TN:
SF:components\icons\Switch.tsx
FN:7,Switch
FNF:1
FNH:1
FNDA:10,Switch
DA:8,10
LF:1
LH:1
BRDA:11,0,0,7
BRDA:11,0,1,3
BRF:2
BRH:2
end_of_record
TN:
SF:components\icons\Timer.tsx
FN:3,Timer
FNF:1
FNH:1
FNDA:8,Timer
DA:4,8
LF:1
LH:1
BRF:0
BRH:0
end_of_record
TN:
SF:components\icons\WorkInProgress.tsx
FN:3,WorkInProgress
FNF:1
FNH:1
FNDA:6,WorkInProgress
DA:4,6
LF:1
LH:1
BRF:0
BRH:0
end_of_record
TN:
SF:components\shared\ThemedButton.tsx
FN:12,ThemedButton
FN:24,(anonymous_1)
FN:25,(anonymous_2)
FNF:3
FNH:3
FNDA:23,ThemedButton
FNDA:4,(anonymous_1)
FNDA:1,(anonymous_2)
DA:18,23
DA:19,23
DA:21,23
DA:24,4
DA:25,1
LF:5
LH:5
BRDA:14,0,0,22
BRDA:31,1,0,19
BRDA:31,1,1,4
BRDA:46,2,0,19
BRDA:46,2,1,4
BRF:5
BRH:5
end_of_record
TN:
SF:components\shared\ThemedImage.tsx
FN:16,ThemedImage
FNF:1
FNH:1
FNDA:24,ThemedImage
DA:27,24
DA:30,24
DA:38,24
DA:39,0
DA:50,24
DA:51,0
DA:56,24
LF:7
LH:5
BRDA:18,0,0,0
BRDA:38,1,0,0
BRDA:38,1,1,24
BRDA:50,2,0,0
BRDA:50,2,1,24
BRF:5
BRH:2
end_of_record
TN:
SF:components\shared\ThemedText.tsx
FN:9,ThemedText
FNF:1
FNH:1
FNDA:23,ThemedText
DA:15,23
DA:17,23
DA:24,23
DA:26,2
DA:27,2
DA:28,2
DA:30,1
DA:31,1
DA:32,1
DA:34,2
DA:35,2
DA:37,2
DA:38,2
DA:39,2
DA:42,23
LF:15
LH:15
BRDA:11,0,0,15
BRDA:12,1,0,18
BRDA:21,2,0,21
BRDA:21,2,1,2
BRDA:24,3,0,2
BRDA:24,3,1,1
BRDA:24,3,2,2
BRDA:24,3,3,2
BRF:8
BRH:8
end_of_record
TN:
SF:components\shared\popup-menu\PopupMenu.tsx
FN:28,PopupMenu
FN:45,(anonymous_1)
FN:112,(anonymous_2)
FNF:3
FNH:0
FNDA:0,PopupMenu
FNDA:0,(anonymous_1)
FNDA:0,(anonymous_2)
DA:29,0
DA:32,0
DA:33,0
DA:34,0
DA:37,0
DA:40,0
DA:41,0
DA:42,0
DA:45,0
DA:52,0
DA:55,0
DA:70,0
DA:81,0
DA:94,0
DA:113,0
LF:15
LH:0
BRDA:32,0,0,0
BRDA:32,0,1,0
BRDA:37,1,0,0
BRDA:37,1,1,0
BRDA:40,2,0,0
BRDA:40,2,1,0
BRDA:48,3,0,0
BRDA:59,4,0,0
BRDA:59,4,1,0
BRDA:70,5,0,0
BRDA:70,5,1,0
BRDA:81,6,0,0
BRDA:81,6,1,0
BRDA:123,7,0,0
BRDA:123,7,1,0
BRDA:123,7,2,0
BRDA:126,8,0,0
BRDA:126,8,1,0
BRDA:126,8,2,0
BRDA:129,9,0,0
BRDA:129,9,1,0
BRDA:129,9,2,0
BRDA:137,10,0,0
BRDA:137,10,1,0
BRDA:143,11,0,0
BRDA:143,11,1,0
BRF:26
BRH:0
end_of_record
TN:
SF:components\shared\popup-menu\stylesheet.ts
FN:19,(anonymous_0)
FNF:1
FNH:0
FNDA:0,(anonymous_0)
DA:19,0
DA:20,0
LF:2
LH:0
BRF:0
BRH:0
end_of_record
TN:
SF:hooks\useStyles.ts
FN:8,(anonymous_0)
FN:19,(anonymous_1)
FNF:2
FNH:2
FNDA:21,(anonymous_0)
FNDA:21,(anonymous_1)
DA:8,1
DA:11,21
DA:14,21
DA:15,21
DA:19,21
DA:20,21
DA:23,21
LF:7
LH:7
BRDA:12,0,0,21
BRDA:12,0,1,1
BRDA:14,1,0,13
BRDA:14,1,1,8
BRDA:15,2,0,5
BRDA:15,2,1,16
BRF:6
BRH:6
end_of_record
TN:
SF:styles\dark.theme.ts
FNF:0
FNH:0
DA:3,1
LF:1
LH:1
BRF:0
BRH:0
end_of_record
TN:
SF:styles\light.theme.ts
FNF:0
FNH:0
DA:3,1
LF:1
LH:1
BRF:0
BRH:0
end_of_record
TN:
SF:styles\style.ts
FNF:0
FNH:0
LF:0
LH:0
BRF:0
BRH:0
end_of_record
TN:
SF:styles\theme.types.ts
FNF:0
FNH:0
LF:0
LH:0
BRF:0
BRH:0
end_of_record
TN:
SF:styles\screens\app.styles.ts
FN:10,(anonymous_0)
FNF:1
FNH:0
FNDA:0,(anonymous_0)
DA:10,0
DA:11,0
LF:2
LH:0
BRF:0
BRH:0
end_of_record
TN:
SF:styles\screens\auth\login.styles.ts
FN:10,(anonymous_0)
FNF:1
FNH:0
FNDA:0,(anonymous_0)
DA:10,0
DA:11,0
LF:2
LH:0
BRF:0
BRH:0
end_of_record
TN:
SF:styles\screens\auth\logout.styles.ts
FN:10,(anonymous_0)
FNF:1
FNH:0
FNDA:0,(anonymous_0)
DA:10,0
DA:11,0
LF:2
LH:0
BRF:0
BRH:0
end_of_record
TN:
SF:styles\screens\tabs\dashboard.styles.ts
FN:10,(anonymous_0)
FNF:1
FNH:0
FNDA:0,(anonymous_0)
DA:10,0
DA:11,0
LF:2
LH:0
BRF:0
BRH:0
end_of_record
TN:
SF:styles\screens\tabs\layout.styles.ts
FN:12,(anonymous_0)
FNF:1
FNH:0
FNDA:0,(anonymous_0)
DA:12,0
DA:13,0
LF:2
LH:0
BRF:0
BRH:0
end_of_record
TN:
SF:styles\screens\tabs\statistics.styles.ts
FN:11,(anonymous_0)
FNF:1
FNH:0
FNDA:0,(anonymous_0)
DA:11,0
DA:12,0
LF:2
LH:0
BRF:0
BRH:0
end_of_record
TN:
SF:styles\screens\tabs\timer.styles.ts
FN:11,(anonymous_0)
FNF:1
FNH:0
FNDA:0,(anonymous_0)
DA:11,0
DA:12,0
LF:2
LH:0
BRF:0
BRH:0
end_of_record
TN:
SF:utils\figmaClient.ts
FN:33,(anonymous_0)
FN:37,(anonymous_1)
FN:51,(anonymous_2)
FN:63,(anonymous_3)
FN:67,(anonymous_4)
FN:68,(anonymous_5)
FN:83,(anonymous_6)
FN:107,(anonymous_7)
FN:127,(anonymous_8)
FN:130,(anonymous_9)
FN:148,(anonymous_10)
FN:149,(anonymous_11)
FN:163,(anonymous_12)
FN:175,(anonymous_13)
FNF:14
FNH:0
FNDA:0,(anonymous_0)
FNDA:0,(anonymous_1)
FNDA:0,(anonymous_2)
FNDA:0,(anonymous_3)
FNDA:0,(anonymous_4)
FNDA:0,(anonymous_5)
FNDA:0,(anonymous_6)
FNDA:0,(anonymous_7)
FNDA:0,(anonymous_8)
FNDA:0,(anonymous_9)
FNDA:0,(anonymous_10)
FNDA:0,(anonymous_11)
FNDA:0,(anonymous_12)
FNDA:0,(anonymous_13)
DA:31,0
DA:34,0
DA:38,0
DA:44,0
DA:45,0
DA:48,0
DA:52,0
DA:53,0
DA:55,0
DA:56,0
DA:57,0
DA:60,0
DA:64,0
DA:65,0
DA:67,0
DA:68,0
DA:69,0
DA:71,0
DA:74,0
DA:75,0
DA:79,0
DA:80,0
DA:84,0
DA:87,0
DA:88,0
DA:89,0
DA:90,0
DA:95,0
DA:96,0
DA:97,0
DA:101,0
DA:102,0
DA:106,0
DA:107,0
DA:108,0
DA:109,0
DA:118,0
DA:119,0
DA:120,0
DA:121,0
DA:124,0
DA:128,0
DA:130,0
DA:131,0
DA:132,0
DA:133,0
DA:134,0
DA:136,0
DA:137,0
DA:138,0
DA:139,0
DA:145,0
DA:149,0
DA:150,0
DA:151,0
DA:154,0
DA:156,0
DA:157,0
DA:160,0
DA:164,0
DA:176,0
LF:61
LH:0
BRDA:44,0,0,0
BRDA:44,0,1,0
BRDA:55,1,0,0
BRDA:55,1,1,0
BRDA:68,2,0,0
BRDA:68,2,1,0
BRDA:68,3,0,0
BRDA:68,3,1,0
BRDA:74,4,0,0
BRDA:74,4,1,0
BRDA:87,5,0,0
BRDA:87,5,1,0
BRDA:87,6,0,0
BRDA:87,6,1,0
BRDA:89,7,0,0
BRDA:89,7,1,0
BRDA:95,8,0,0
BRDA:95,8,1,0
BRDA:101,9,0,0
BRDA:101,9,1,0
BRDA:106,10,0,0
BRDA:106,10,1,0
BRDA:106,11,0,0
BRDA:106,11,1,0
BRDA:108,12,0,0
BRDA:108,12,1,0
BRDA:118,13,0,0
BRDA:118,13,1,0
BRDA:120,14,0,0
BRDA:120,14,1,0
BRDA:121,15,0,0
BRDA:121,15,1,0
BRDA:131,16,0,0
BRDA:131,16,1,0
BRDA:131,17,0,0
BRDA:131,17,1,0
BRDA:131,17,2,0
BRDA:133,18,0,0
BRDA:133,18,1,0
BRDA:136,19,0,0
BRDA:136,19,1,0
BRDA:138,20,0,0
BRDA:138,20,1,0
BRDA:151,21,0,0
BRDA:151,21,1,0
BRDA:156,22,0,0
BRDA:156,22,1,0
BRDA:156,23,0,0
BRDA:156,23,1,0
BRDA:182,24,0,0
BRDA:182,24,1,0
BRDA:183,25,0,0
BRDA:183,25,1,0
BRDA:187,26,0,0
BRDA:187,26,1,0
BRDA:192,27,0,0
BRDA:192,27,1,0
BRDA:193,28,0,0
BRDA:193,28,1,0
BRDA:194,29,0,0
BRDA:194,29,1,0
BRDA:195,30,0,0
BRDA:195,30,1,0
BRDA:198,31,0,0
BRDA:198,31,1,0
BRDA:206,32,0,0
BRDA:206,32,1,0
BRDA:207,33,0,0
BRDA:207,33,1,0
BRF:69
BRH:0
end_of_record
TN:
SF:utils\figmaSync.ts
FN:23,(anonymous_0)
FN:28,(anonymous_1)
FN:48,(anonymous_2)
FN:97,(anonymous_3)
FN:102,(anonymous_4)
FN:137,syncFromFigma
FNF:6
FNH:0
FNDA:0,(anonymous_0)
FNDA:0,(anonymous_1)
FNDA:0,(anonymous_2)
FNDA:0,(anonymous_3)
FNDA:0,(anonymous_4)
FNDA:0,syncFromFigma
DA:12,0
DA:24,0
DA:25,0
DA:29,0
DA:30,0
DA:32,0
DA:33,0
DA:35,0
DA:36,0
DA:38,0
DA:39,0
DA:41,0
DA:43,0
DA:44,0
DA:49,0
DA:51,0
DA:93,0
DA:94,0
DA:98,0
DA:99,0
DA:102,0
DA:103,0
DA:106,0
DA:107,0
DA:113,0
DA:114,0
DA:120,0
DA:121,0
DA:127,0
DA:130,0
DA:131,0
DA:132,0
DA:138,0
DA:140,0
DA:141,0
DA:143,0
DA:144,0
DA:145,0
DA:146,0
DA:147,0
DA:148,0
DA:151,0
DA:156,0
DA:158,0
DA:166,0
DA:167,0
LF:46
LH:0
BRDA:83,0,0,0
BRDA:83,0,1,0
BRDA:106,1,0,0
BRDA:106,1,1,0
BRDA:113,2,0,0
BRDA:113,2,1,0
BRDA:120,3,0,0
BRDA:120,3,1,0
BRDA:143,4,0,0
BRDA:143,4,1,0
BRDA:143,5,0,0
BRDA:143,5,1,0
BRDA:166,6,0,0
BRDA:166,6,1,0
BRF:14
BRH:0
end_of_record
TN:
SF:utils\logger.ts
FN:19,(anonymous_0)
FN:25,(anonymous_1)
FN:47,(anonymous_2)
FN:56,(anonymous_3)
FN:65,(anonymous_4)
FN:73,(anonymous_5)
FN:84,(anonymous_6)
FN:93,(anonymous_7)
FN:102,(anonymous_8)
FN:111,(anonymous_9)
FN:123,(anonymous_10)
FN:132,(anonymous_11)
FN:140,(anonymous_12)
FN:151,(anonymous_13)
FN:159,(anonymous_14)
FN:167,(anonymous_15)
FN:179,(anonymous_16)
FN:188,(anonymous_17)
FN:197,(anonymous_18)
FN:208,(anonymous_19)
FN:212,(anonymous_20)
FN:216,(anonymous_21)
FN:220,(anonymous_22)
FNF:23
FNH:23
FNDA:24,(anonymous_0)
FNDA:24,(anonymous_1)
FNDA:2,(anonymous_2)
FNDA:1,(anonymous_3)
FNDA:1,(anonymous_4)
FNDA:1,(anonymous_5)
FNDA:1,(anonymous_6)
FNDA:1,(anonymous_7)
FNDA:1,(anonymous_8)
FNDA:1,(anonymous_9)
FNDA:1,(anonymous_10)
FNDA:1,(anonymous_11)
FNDA:1,(anonymous_12)
FNDA:1,(anonymous_13)
FNDA:1,(anonymous_14)
FNDA:1,(anonymous_15)
FNDA:1,(anonymous_16)
FNDA:2,(anonymous_17)
FNDA:1,(anonymous_18)
FNDA:2,(anonymous_19)
FNDA:1,(anonymous_20)
FNDA:1,(anonymous_21)
FNDA:1,(anonymous_22)
DA:17,1
DA:20,24
DA:21,24
DA:22,24
DA:26,24
DA:28,24
DA:30,24
DA:32,3
DA:33,3
DA:35,1
DA:36,1
DA:38,6
DA:39,6
DA:41,14
DA:46,1
DA:48,2
DA:57,1
DA:66,1
DA:74,1
DA:83,1
DA:85,1
DA:94,1
DA:103,1
DA:112,1
DA:122,1
DA:124,1
DA:133,1
DA:141,1
DA:150,1
DA:152,1
DA:160,1
DA:168,1
DA:178,1
DA:180,1
DA:189,2
DA:198,1
DA:208,1
DA:209,2
DA:212,1
DA:213,1
DA:216,1
DA:217,1
DA:220,1
DA:221,1
DA:225,1
LF:45
LH:45
BRDA:20,0,0,24
BRDA:20,0,1,24
BRDA:21,1,0,12
BRDA:21,1,1,12
BRDA:26,2,0,0
BRDA:26,2,1,24
BRDA:30,3,0,3
BRDA:30,3,1,1
BRDA:30,3,2,6
BRDA:30,3,3,14
BRDA:144,4,0,1
BRDA:144,4,1,0
BRDA:190,5,0,1
BRDA:190,5,1,1
BRDA:202,6,0,1
BRDA:202,6,1,0
BRF:16
BRH:13
end_of_record
TN:
SF:utils\testUtils.tsx
FN:8,(anonymous_0)
FN:77,(anonymous_1)
FN:87,(anonymous_2)
FN:122,customRender
FN:128,Wrapper
FNF:5
FNH:0
FNDA:0,(anonymous_0)
FNDA:0,(anonymous_1)
FNDA:0,(anonymous_2)
FNDA:0,customRender
FNDA:0,Wrapper
DA:8,0
DA:77,0
DA:87,0
DA:126,0
DA:129,0
DA:138,0
LF:6
LH:0
BRDA:8,0,0,0
BRDA:77,1,0,0
BRDA:124,2,0,0
BRF:3
BRH:0
end_of_record
